{"total": {"lines":{"total":410,"covered":245,"skipped":0,"pct":59.75},"statements":{"total":410,"covered":245,"skipped":0,"pct":59.75},"functions":{"total":25,"covered":18,"skipped":0,"pct":72},"branches":{"total":40,"covered":27,"skipped":0,"pct":67.5},"branchesTrue":{"total":0,"covered":0,"skipped":0,"pct":100}}
,"/Users/Eva/Sites/tiptap-steps/package/src/index.ts": {"lines":{"total":4,"covered":4,"skipped":0,"pct":100},"functions":{"total":0,"covered":0,"skipped":0,"pct":100},"statements":{"total":4,"covered":4,"skipped":0,"pct":100},"branches":{"total":0,"covered":0,"skipped":0,"pct":100}}
,"/Users/Eva/Sites/tiptap-steps/package/src/steps/step-content.ts": {"lines":{"total":68,"covered":35,"skipped":0,"pct":51.47},"functions":{"total":5,"covered":3,"skipped":0,"pct":60},"statements":{"total":68,"covered":35,"skipped":0,"pct":51.47},"branches":{"total":3,"covered":3,"skipped":0,"pct":100}}
,"/Users/Eva/Sites/tiptap-steps/package/src/steps/step-item.ts": {"lines":{"total":89,"covered":83,"skipped":0,"pct":93.25},"functions":{"total":6,"covered":6,"skipped":0,"pct":100},"statements":{"total":89,"covered":83,"skipped":0,"pct":93.25},"branches":{"total":19,"covered":14,"skipped":0,"pct":73.68}}
,"/Users/Eva/Sites/tiptap-steps/package/src/steps/step-title.ts": {"lines":{"total":109,"covered":36,"skipped":0,"pct":33.02},"functions":{"total":5,"covered":3,"skipped":0,"pct":60},"statements":{"total":109,"covered":36,"skipped":0,"pct":33.02},"branches":{"total":3,"covered":3,"skipped":0,"pct":100}}
,"/Users/Eva/Sites/tiptap-steps/package/src/steps/steps.ts": {"lines":{"total":140,"covered":87,"skipped":0,"pct":62.14},"functions":{"total":9,"covered":6,"skipped":0,"pct":66.66},"statements":{"total":140,"covered":87,"skipped":0,"pct":62.14},"branches":{"total":15,"covered":7,"skipped":0,"pct":46.66}}
}
