{"/Users/Eva/Sites/tiptap-steps/package/src/index.ts": {"path":"/Users/Eva/Sites/tiptap-steps/package/src/index.ts","all":false,"statementMap":{"0":{"start":{"line":1,"column":0},"end":{"line":1,"column":37}},"1":{"start":{"line":2,"column":0},"end":{"line":2,"column":34}},"2":{"start":{"line":3,"column":0},"end":{"line":3,"column":35}},"3":{"start":{"line":4,"column":0},"end":{"line":4,"column":30}}},"s":{"0":1,"1":1,"2":1,"3":1},"branchMap":{},"b":{},"fnMap":{},"f":{}}
,"/Users/Eva/Sites/tiptap-steps/package/src/steps/step-content.ts": {"path":"/Users/Eva/Sites/tiptap-steps/package/src/steps/step-content.ts","all":false,"statementMap":{"0":{"start":{"line":1,"column":0},"end":{"line":1,"column":69}},"7":{"start":{"line":8,"column":0},"end":{"line":8,"column":60}},"8":{"start":{"line":9,"column":0},"end":{"line":9,"column":21}},"9":{"start":{"line":10,"column":0},"end":{"line":10,"column":19}},"10":{"start":{"line":11,"column":0},"end":{"line":11,"column":16}},"11":{"start":{"line":12,"column":0},"end":{"line":12,"column":19}},"13":{"start":{"line":14,"column":0},"end":{"line":14,"column":14}},"14":{"start":{"line":15,"column":0},"end":{"line":15,"column":10}},"15":{"start":{"line":16,"column":0},"end":{"line":16,"column":4}},"16":{"start":{"line":17,"column":0},"end":{"line":17,"column":41}},"17":{"start":{"line":18,"column":0},"end":{"line":18,"column":18}},"18":{"start":{"line":19,"column":0},"end":{"line":19,"column":5}},"19":{"start":{"line":20,"column":0},"end":{"line":20,"column":4}},"20":{"start":{"line":21,"column":0},"end":{"line":21,"column":3}},"22":{"start":{"line":23,"column":0},"end":{"line":23,"column":33}},"23":{"start":{"line":24,"column":0},"end":{"line":24,"column":10}},"24":{"start":{"line":25,"column":0},"end":{"line":25,"column":9}},"25":{"start":{"line":26,"column":0},"end":{"line":26,"column":19}},"26":{"start":{"line":27,"column":0},"end":{"line":27,"column":5}},"27":{"start":{"line":28,"column":0},"end":{"line":28,"column":33}},"28":{"start":{"line":29,"column":0},"end":{"line":29,"column":50}},"29":{"start":{"line":30,"column":0},"end":{"line":30,"column":6}},"30":{"start":{"line":31,"column":0},"end":{"line":31,"column":32}},"31":{"start":{"line":32,"column":0},"end":{"line":32,"column":19}},"32":{"start":{"line":33,"column":0},"end":{"line":33,"column":5}},"33":{"start":{"line":34,"column":0},"end":{"line":34,"column":5}},"34":{"start":{"line":35,"column":0},"end":{"line":35,"column":4}},"35":{"start":{"line":36,"column":0},"end":{"line":36,"column":3}},"37":{"start":{"line":38,"column":0},"end":{"line":38,"column":25}},"38":{"start":{"line":39,"column":0},"end":{"line":39,"column":10}},"39":{"start":{"line":40,"column":0},"end":{"line":40,"column":27}},"40":{"start":{"line":41,"column":0},"end":{"line":41,"column":29}},"41":{"start":{"line":42,"column":0},"end":{"line":42,"column":32}},"42":{"start":{"line":43,"column":0},"end":{"line":43,"column":34}},"44":{"start":{"line":45,"column":0},"end":{"line":45,"column":39}},"45":{"start":{"line":46,"column":0},"end":{"line":46,"column":48}},"46":{"start":{"line":47,"column":0},"end":{"line":47,"column":23}},"49":{"start":{"line":50,"column":0},"end":{"line":50,"column":35}},"52":{"start":{"line":53,"column":0},"end":{"line":53,"column":65}},"55":{"start":{"line":56,"column":0},"end":{"line":56,"column":72}},"56":{"start":{"line":57,"column":0},"end":{"line":57,"column":18}},"59":{"start":{"line":60,"column":0},"end":{"line":60,"column":60}},"63":{"start":{"line":64,"column":0},"end":{"line":64,"column":66}},"64":{"start":{"line":65,"column":0},"end":{"line":65,"column":5}},"66":{"start":{"line":67,"column":0},"end":{"line":67,"column":31}},"67":{"start":{"line":68,"column":0},"end":{"line":68,"column":29}},"68":{"start":{"line":69,"column":0},"end":{"line":69,"column":32}},"69":{"start":{"line":70,"column":0},"end":{"line":70,"column":30}},"71":{"start":{"line":72,"column":0},"end":{"line":72,"column":39}},"72":{"start":{"line":73,"column":0},"end":{"line":73,"column":48}},"73":{"start":{"line":74,"column":0},"end":{"line":74,"column":23}},"74":{"start":{"line":75,"column":0},"end":{"line":75,"column":35}},"77":{"start":{"line":78,"column":0},"end":{"line":78,"column":61}},"80":{"start":{"line":81,"column":0},"end":{"line":81,"column":54}},"83":{"start":{"line":84,"column":0},"end":{"line":84,"column":36}},"84":{"start":{"line":85,"column":0},"end":{"line":85,"column":45}},"85":{"start":{"line":86,"column":0},"end":{"line":86,"column":23}},"86":{"start":{"line":87,"column":0},"end":{"line":87,"column":32}},"89":{"start":{"line":90,"column":0},"end":{"line":90,"column":47}},"90":{"start":{"line":91,"column":0},"end":{"line":91,"column":72}},"93":{"start":{"line":94,"column":0},"end":{"line":94,"column":17}},"94":{"start":{"line":95,"column":0},"end":{"line":95,"column":13}},"95":{"start":{"line":96,"column":0},"end":{"line":96,"column":29}},"96":{"start":{"line":97,"column":0},"end":{"line":97,"column":12}},"97":{"start":{"line":98,"column":0},"end":{"line":98,"column":5}},"98":{"start":{"line":99,"column":0},"end":{"line":99,"column":4}},"99":{"start":{"line":100,"column":0},"end":{"line":100,"column":3}},"100":{"start":{"line":101,"column":0},"end":{"line":101,"column":3}}},"s":{"0":1,"7":1,"8":1,"9":1,"10":1,"11":1,"13":1,"14":5,"15":5,"16":5,"17":5,"18":5,"19":5,"20":5,"22":1,"23":8,"24":8,"25":8,"26":8,"27":8,"28":8,"29":8,"30":8,"31":8,"32":8,"33":8,"34":8,"35":8,"37":1,"38":5,"39":5,"40":0,"41":0,"42":0,"44":0,"45":0,"46":0,"49":0,"52":0,"55":0,"56":0,"59":0,"63":0,"64":0,"66":5,"67":0,"68":0,"69":0,"71":0,"72":0,"73":0,"74":0,"77":0,"80":0,"83":0,"84":0,"85":0,"86":0,"89":0,"90":0,"93":0,"94":0,"95":0,"96":0,"97":0,"98":5,"99":5,"100":1},"branchMap":{"0":{"type":"branch","line":14,"loc":{"start":{"line":14,"column":1},"end":{"line":21,"column":3}},"locations":[{"start":{"line":14,"column":1},"end":{"line":21,"column":3}}]},"1":{"type":"branch","line":23,"loc":{"start":{"line":23,"column":1},"end":{"line":36,"column":3}},"locations":[{"start":{"line":23,"column":1},"end":{"line":36,"column":3}}]},"2":{"type":"branch","line":38,"loc":{"start":{"line":38,"column":1},"end":{"line":100,"column":3}},"locations":[{"start":{"line":38,"column":1},"end":{"line":100,"column":3}}]}},"b":{"0":[5],"1":[8],"2":[5]},"fnMap":{"0":{"name":"parseHTML","decl":{"start":{"line":14,"column":1},"end":{"line":21,"column":3}},"loc":{"start":{"line":14,"column":1},"end":{"line":21,"column":3}},"line":14},"1":{"name":"renderHTML","decl":{"start":{"line":23,"column":1},"end":{"line":36,"column":3}},"loc":{"start":{"line":23,"column":1},"end":{"line":36,"column":3}},"line":23},"2":{"name":"addKeyboardShortcuts","decl":{"start":{"line":38,"column":1},"end":{"line":100,"column":3}},"loc":{"start":{"line":38,"column":1},"end":{"line":100,"column":3}},"line":38},"3":{"name":"Enter","decl":{"start":{"line":40,"column":10},"end":{"line":65,"column":5}},"loc":{"start":{"line":40,"column":10},"end":{"line":65,"column":5}},"line":40},"4":{"name":"Backspace","decl":{"start":{"line":67,"column":14},"end":{"line":98,"column":5}},"loc":{"start":{"line":67,"column":14},"end":{"line":98,"column":5}},"line":67}},"f":{"0":5,"1":8,"2":5,"3":0,"4":0}}
,"/Users/Eva/Sites/tiptap-steps/package/src/steps/step-item.ts": {"path":"/Users/Eva/Sites/tiptap-steps/package/src/steps/step-item.ts","all":false,"statementMap":{"0":{"start":{"line":1,"column":0},"end":{"line":1,"column":69}},"22":{"start":{"line":23,"column":0},"end":{"line":23,"column":54}},"23":{"start":{"line":24,"column":0},"end":{"line":24,"column":18}},"24":{"start":{"line":25,"column":0},"end":{"line":25,"column":19}},"25":{"start":{"line":26,"column":0},"end":{"line":26,"column":34}},"26":{"start":{"line":27,"column":0},"end":{"line":27,"column":16}},"27":{"start":{"line":28,"column":0},"end":{"line":28,"column":18}},"29":{"start":{"line":30,"column":0},"end":{"line":30,"column":15}},"30":{"start":{"line":31,"column":0},"end":{"line":31,"column":10}},"31":{"start":{"line":32,"column":0},"end":{"line":32,"column":22}},"32":{"start":{"line":33,"column":0},"end":{"line":33,"column":4}},"33":{"start":{"line":34,"column":0},"end":{"line":34,"column":3}},"35":{"start":{"line":36,"column":0},"end":{"line":36,"column":14}},"36":{"start":{"line":37,"column":0},"end":{"line":37,"column":10}},"37":{"start":{"line":38,"column":0},"end":{"line":38,"column":4}},"38":{"start":{"line":39,"column":0},"end":{"line":39,"column":37}},"39":{"start":{"line":40,"column":0},"end":{"line":40,"column":18}},"40":{"start":{"line":41,"column":0},"end":{"line":41,"column":5}},"41":{"start":{"line":42,"column":0},"end":{"line":42,"column":4}},"42":{"start":{"line":43,"column":0},"end":{"line":43,"column":3}},"44":{"start":{"line":45,"column":0},"end":{"line":45,"column":33}},"45":{"start":{"line":46,"column":0},"end":{"line":46,"column":10}},"46":{"start":{"line":47,"column":0},"end":{"line":47,"column":8}},"47":{"start":{"line":48,"column":0},"end":{"line":48,"column":19}},"48":{"start":{"line":49,"column":0},"end":{"line":49,"column":33}},"49":{"start":{"line":50,"column":0},"end":{"line":50,"column":32}},"50":{"start":{"line":51,"column":0},"end":{"line":51,"column":19}},"51":{"start":{"line":52,"column":0},"end":{"line":52,"column":5}},"52":{"start":{"line":53,"column":0},"end":{"line":53,"column":5}},"53":{"start":{"line":54,"column":0},"end":{"line":54,"column":4}},"54":{"start":{"line":55,"column":0},"end":{"line":55,"column":3}},"56":{"start":{"line":57,"column":0},"end":{"line":57,"column":16}},"57":{"start":{"line":58,"column":0},"end":{"line":58,"column":10}},"58":{"start":{"line":59,"column":0},"end":{"line":59,"column":11}},"59":{"start":{"line":60,"column":0},"end":{"line":60,"column":9}},"60":{"start":{"line":61,"column":0},"end":{"line":61,"column":27}},"61":{"start":{"line":62,"column":0},"end":{"line":62,"column":10}},"62":{"start":{"line":63,"column":0},"end":{"line":63,"column":41}},"63":{"start":{"line":64,"column":0},"end":{"line":64,"column":47}},"64":{"start":{"line":65,"column":0},"end":{"line":65,"column":25}},"66":{"start":{"line":67,"column":0},"end":{"line":67,"column":37}},"68":{"start":{"line":69,"column":0},"end":{"line":69,"column":38}},"69":{"start":{"line":70,"column":0},"end":{"line":70,"column":51}},"73":{"start":{"line":74,"column":0},"end":{"line":74,"column":58}},"75":{"start":{"line":76,"column":0},"end":{"line":76,"column":20}},"76":{"start":{"line":77,"column":0},"end":{"line":77,"column":51}},"77":{"start":{"line":78,"column":0},"end":{"line":78,"column":24}},"78":{"start":{"line":79,"column":0},"end":{"line":79,"column":18}},"79":{"start":{"line":80,"column":0},"end":{"line":80,"column":10}},"80":{"start":{"line":81,"column":0},"end":{"line":81,"column":28}},"81":{"start":{"line":82,"column":0},"end":{"line":82,"column":11}},"82":{"start":{"line":83,"column":0},"end":{"line":83,"column":10}},"83":{"start":{"line":84,"column":0},"end":{"line":84,"column":30}},"84":{"start":{"line":85,"column":0},"end":{"line":85,"column":43}},"85":{"start":{"line":86,"column":0},"end":{"line":86,"column":11}},"86":{"start":{"line":87,"column":0},"end":{"line":87,"column":10}},"87":{"start":{"line":88,"column":0},"end":{"line":88,"column":9}},"88":{"start":{"line":89,"column":0},"end":{"line":89,"column":29}},"89":{"start":{"line":90,"column":0},"end":{"line":90,"column":14}},"90":{"start":{"line":91,"column":0},"end":{"line":91,"column":22}},"91":{"start":{"line":92,"column":0},"end":{"line":92,"column":27}},"92":{"start":{"line":93,"column":0},"end":{"line":93,"column":19}},"93":{"start":{"line":94,"column":0},"end":{"line":94,"column":6}},"94":{"start":{"line":95,"column":0},"end":{"line":95,"column":6}},"96":{"start":{"line":97,"column":0},"end":{"line":97,"column":14}},"97":{"start":{"line":98,"column":0},"end":{"line":98,"column":9}},"98":{"start":{"line":99,"column":0},"end":{"line":99,"column":27}},"99":{"start":{"line":100,"column":0},"end":{"line":100,"column":10}},"100":{"start":{"line":101,"column":0},"end":{"line":101,"column":73}},"101":{"start":{"line":102,"column":0},"end":{"line":102,"column":23}},"102":{"start":{"line":103,"column":0},"end":{"line":103,"column":8}},"103":{"start":{"line":104,"column":0},"end":{"line":104,"column":31}},"105":{"start":{"line":106,"column":0},"end":{"line":106,"column":41}},"106":{"start":{"line":107,"column":0},"end":{"line":107,"column":47}},"107":{"start":{"line":108,"column":0},"end":{"line":108,"column":25}},"108":{"start":{"line":109,"column":0},"end":{"line":109,"column":37}},"111":{"start":{"line":112,"column":0},"end":{"line":112,"column":69}},"112":{"start":{"line":113,"column":0},"end":{"line":113,"column":39}},"115":{"start":{"line":116,"column":0},"end":{"line":116,"column":61}},"116":{"start":{"line":117,"column":0},"end":{"line":117,"column":63}},"119":{"start":{"line":120,"column":0},"end":{"line":120,"column":50}},"120":{"start":{"line":121,"column":0},"end":{"line":121,"column":22}},"121":{"start":{"line":122,"column":0},"end":{"line":122,"column":27}},"122":{"start":{"line":123,"column":0},"end":{"line":123,"column":19}},"123":{"start":{"line":124,"column":0},"end":{"line":124,"column":6}},"124":{"start":{"line":125,"column":0},"end":{"line":125,"column":6}},"125":{"start":{"line":126,"column":0},"end":{"line":126,"column":4}},"126":{"start":{"line":127,"column":0},"end":{"line":127,"column":3}},"127":{"start":{"line":128,"column":0},"end":{"line":128,"column":3}}},"s":{"0":1,"22":1,"23":1,"24":1,"25":1,"26":1,"27":1,"29":1,"30":1,"31":1,"32":1,"33":1,"35":1,"36":5,"37":5,"38":5,"39":5,"40":5,"41":5,"42":5,"44":1,"45":8,"46":8,"47":8,"48":8,"49":8,"50":8,"51":8,"52":8,"53":8,"54":8,"56":1,"57":5,"58":5,"59":5,"60":3,"61":3,"62":3,"63":3,"64":3,"66":3,"68":3,"69":3,"73":3,"75":3,"76":3,"77":3,"78":3,"79":3,"80":3,"81":3,"82":3,"83":3,"84":3,"85":3,"86":3,"87":3,"88":3,"89":3,"90":3,"91":0,"92":0,"93":0,"94":3,"96":5,"97":5,"98":3,"99":3,"100":3,"101":3,"102":3,"103":3,"105":3,"106":3,"107":3,"108":3,"111":3,"112":3,"115":2,"116":3,"119":1,"120":3,"121":0,"122":0,"123":0,"124":3,"125":5,"126":5,"127":1},"branchMap":{"0":{"type":"branch","line":30,"loc":{"start":{"line":30,"column":1},"end":{"line":34,"column":3}},"locations":[{"start":{"line":30,"column":1},"end":{"line":34,"column":3}}]},"1":{"type":"branch","line":36,"loc":{"start":{"line":36,"column":1},"end":{"line":43,"column":3}},"locations":[{"start":{"line":36,"column":1},"end":{"line":43,"column":3}}]},"2":{"type":"branch","line":45,"loc":{"start":{"line":45,"column":1},"end":{"line":55,"column":3}},"locations":[{"start":{"line":45,"column":1},"end":{"line":55,"column":3}}]},"3":{"type":"branch","line":57,"loc":{"start":{"line":57,"column":1},"end":{"line":127,"column":3}},"locations":[{"start":{"line":57,"column":1},"end":{"line":127,"column":3}}]},"4":{"type":"branch","line":60,"loc":{"start":{"line":60,"column":4},"end":{"line":95,"column":6}},"locations":[{"start":{"line":60,"column":4},"end":{"line":95,"column":6}}]},"5":{"type":"branch","line":61,"loc":{"start":{"line":61,"column":4},"end":{"line":95,"column":6}},"locations":[{"start":{"line":61,"column":4},"end":{"line":95,"column":6}}]},"6":{"type":"branch","line":67,"loc":{"start":{"line":67,"column":24},"end":{"line":67,"column":37}},"locations":[{"start":{"line":67,"column":24},"end":{"line":67,"column":37}}]},"7":{"type":"branch","line":91,"loc":{"start":{"line":91,"column":5},"end":{"line":94,"column":6}},"locations":[{"start":{"line":91,"column":5},"end":{"line":94,"column":6}}]},"8":{"type":"branch","line":64,"loc":{"start":{"line":64,"column":7},"end":{"line":64,"column":47}},"locations":[{"start":{"line":64,"column":7},"end":{"line":64,"column":47}}]},"9":{"type":"branch","line":98,"loc":{"start":{"line":98,"column":4},"end":{"line":125,"column":6}},"locations":[{"start":{"line":98,"column":4},"end":{"line":125,"column":6}}]},"10":{"type":"branch","line":99,"loc":{"start":{"line":99,"column":4},"end":{"line":125,"column":6}},"locations":[{"start":{"line":99,"column":4},"end":{"line":125,"column":6}}]},"11":{"type":"branch","line":104,"loc":{"start":{"line":104,"column":18},"end":{"line":104,"column":31}},"locations":[{"start":{"line":104,"column":18},"end":{"line":104,"column":31}}]},"12":{"type":"branch","line":109,"loc":{"start":{"line":109,"column":24},"end":{"line":109,"column":37}},"locations":[{"start":{"line":109,"column":24},"end":{"line":109,"column":37}}]},"13":{"type":"branch","line":113,"loc":{"start":{"line":113,"column":26},"end":{"line":113,"column":39}},"locations":[{"start":{"line":113,"column":26},"end":{"line":113,"column":39}}]},"14":{"type":"branch","line":113,"loc":{"start":{"line":113,"column":33},"end":{"line":117,"column":29}},"locations":[{"start":{"line":113,"column":33},"end":{"line":117,"column":29}}]},"15":{"type":"branch","line":117,"loc":{"start":{"line":117,"column":22},"end":{"line":121,"column":14}},"locations":[{"start":{"line":117,"column":22},"end":{"line":121,"column":14}}]},"16":{"type":"branch","line":121,"loc":{"start":{"line":121,"column":5},"end":{"line":124,"column":6}},"locations":[{"start":{"line":121,"column":5},"end":{"line":124,"column":6}}]},"17":{"type":"branch","line":101,"loc":{"start":{"line":101,"column":35},"end":{"line":101,"column":71}},"locations":[{"start":{"line":101,"column":35},"end":{"line":101,"column":71}}]},"18":{"type":"branch","line":107,"loc":{"start":{"line":107,"column":7},"end":{"line":107,"column":47}},"locations":[{"start":{"line":107,"column":7},"end":{"line":107,"column":47}}]}},"b":{"0":[1],"1":[5],"2":[8],"3":[5],"4":[3],"5":[3],"6":[0],"7":[0],"8":[9],"9":[3],"10":[3],"11":[0],"12":[0],"13":[1],"14":[2],"15":[1],"16":[0],"17":[12],"18":[9]},"fnMap":{"0":{"name":"addOptions","decl":{"start":{"line":30,"column":1},"end":{"line":34,"column":3}},"loc":{"start":{"line":30,"column":1},"end":{"line":34,"column":3}},"line":30},"1":{"name":"parseHTML","decl":{"start":{"line":36,"column":1},"end":{"line":43,"column":3}},"loc":{"start":{"line":36,"column":1},"end":{"line":43,"column":3}},"line":36},"2":{"name":"renderHTML","decl":{"start":{"line":45,"column":1},"end":{"line":55,"column":3}},"loc":{"start":{"line":45,"column":1},"end":{"line":55,"column":3}},"line":45},"3":{"name":"addCommands","decl":{"start":{"line":57,"column":1},"end":{"line":127,"column":3}},"loc":{"start":{"line":57,"column":1},"end":{"line":127,"column":3}},"line":57},"4":{"name":"addStep","decl":{"start":{"line":60,"column":4},"end":{"line":95,"column":6}},"loc":{"start":{"line":60,"column":4},"end":{"line":95,"column":6}},"line":60},"5":{"name":"deleteStep","decl":{"start":{"line":98,"column":4},"end":{"line":125,"column":6}},"loc":{"start":{"line":98,"column":4},"end":{"line":125,"column":6}},"line":98}},"f":{"0":1,"1":5,"2":8,"3":5,"4":3,"5":3}}
,"/Users/Eva/Sites/tiptap-steps/package/src/steps/step-title.ts": {"path":"/Users/Eva/Sites/tiptap-steps/package/src/steps/step-title.ts","all":false,"statementMap":{"0":{"start":{"line":1,"column":0},"end":{"line":1,"column":69}},"7":{"start":{"line":8,"column":0},"end":{"line":8,"column":56}},"8":{"start":{"line":9,"column":0},"end":{"line":9,"column":19}},"9":{"start":{"line":10,"column":0},"end":{"line":10,"column":18}},"10":{"start":{"line":11,"column":0},"end":{"line":11,"column":17}},"11":{"start":{"line":12,"column":0},"end":{"line":12,"column":16}},"12":{"start":{"line":13,"column":0},"end":{"line":13,"column":19}},"14":{"start":{"line":15,"column":0},"end":{"line":15,"column":14}},"15":{"start":{"line":16,"column":0},"end":{"line":16,"column":10}},"16":{"start":{"line":17,"column":0},"end":{"line":17,"column":4}},"17":{"start":{"line":18,"column":0},"end":{"line":18,"column":39}},"18":{"start":{"line":19,"column":0},"end":{"line":19,"column":18}},"19":{"start":{"line":20,"column":0},"end":{"line":20,"column":5}},"20":{"start":{"line":21,"column":0},"end":{"line":21,"column":4}},"21":{"start":{"line":22,"column":0},"end":{"line":22,"column":3}},"23":{"start":{"line":24,"column":0},"end":{"line":24,"column":33}},"24":{"start":{"line":25,"column":0},"end":{"line":25,"column":10}},"25":{"start":{"line":26,"column":0},"end":{"line":26,"column":9}},"26":{"start":{"line":27,"column":0},"end":{"line":27,"column":19}},"27":{"start":{"line":28,"column":0},"end":{"line":28,"column":5}},"28":{"start":{"line":29,"column":0},"end":{"line":29,"column":31}},"29":{"start":{"line":30,"column":0},"end":{"line":30,"column":38}},"30":{"start":{"line":31,"column":0},"end":{"line":31,"column":6}},"31":{"start":{"line":32,"column":0},"end":{"line":32,"column":32}},"32":{"start":{"line":33,"column":0},"end":{"line":33,"column":19}},"33":{"start":{"line":34,"column":0},"end":{"line":34,"column":5}},"34":{"start":{"line":35,"column":0},"end":{"line":35,"column":5}},"35":{"start":{"line":36,"column":0},"end":{"line":36,"column":4}},"36":{"start":{"line":37,"column":0},"end":{"line":37,"column":3}},"38":{"start":{"line":39,"column":0},"end":{"line":39,"column":25}},"39":{"start":{"line":40,"column":0},"end":{"line":40,"column":10}},"40":{"start":{"line":41,"column":0},"end":{"line":41,"column":27}},"41":{"start":{"line":42,"column":0},"end":{"line":42,"column":9}},"42":{"start":{"line":43,"column":0},"end":{"line":43,"column":30}},"43":{"start":{"line":44,"column":0},"end":{"line":44,"column":33}},"44":{"start":{"line":45,"column":0},"end":{"line":45,"column":38}},"47":{"start":{"line":48,"column":0},"end":{"line":48,"column":62}},"49":{"start":{"line":50,"column":0},"end":{"line":50,"column":72}},"50":{"start":{"line":51,"column":0},"end":{"line":51,"column":29}},"51":{"start":{"line":52,"column":0},"end":{"line":52,"column":7}},"52":{"start":{"line":53,"column":0},"end":{"line":53,"column":30}},"54":{"start":{"line":55,"column":0},"end":{"line":55,"column":37}},"55":{"start":{"line":56,"column":0},"end":{"line":56,"column":46}},"56":{"start":{"line":57,"column":0},"end":{"line":57,"column":31}},"57":{"start":{"line":58,"column":0},"end":{"line":58,"column":33}},"59":{"start":{"line":60,"column":0},"end":{"line":60,"column":38}},"60":{"start":{"line":61,"column":0},"end":{"line":61,"column":47}},"61":{"start":{"line":62,"column":0},"end":{"line":62,"column":31}},"62":{"start":{"line":63,"column":0},"end":{"line":63,"column":34}},"64":{"start":{"line":65,"column":0},"end":{"line":65,"column":60}},"65":{"start":{"line":66,"column":0},"end":{"line":66,"column":68}},"66":{"start":{"line":67,"column":0},"end":{"line":67,"column":44}},"69":{"start":{"line":70,"column":0},"end":{"line":70,"column":53}},"70":{"start":{"line":71,"column":0},"end":{"line":71,"column":19}},"71":{"start":{"line":72,"column":0},"end":{"line":72,"column":15}},"72":{"start":{"line":73,"column":0},"end":{"line":73,"column":62}},"73":{"start":{"line":74,"column":0},"end":{"line":74,"column":29}},"74":{"start":{"line":75,"column":0},"end":{"line":75,"column":14}},"75":{"start":{"line":76,"column":0},"end":{"line":76,"column":6}},"77":{"start":{"line":78,"column":0},"end":{"line":78,"column":23}},"78":{"start":{"line":79,"column":0},"end":{"line":79,"column":55}},"79":{"start":{"line":80,"column":0},"end":{"line":80,"column":42}},"80":{"start":{"line":81,"column":0},"end":{"line":81,"column":69}},"84":{"start":{"line":85,"column":0},"end":{"line":85,"column":41}},"85":{"start":{"line":86,"column":0},"end":{"line":86,"column":40}},"88":{"start":{"line":89,"column":0},"end":{"line":89,"column":73}},"89":{"start":{"line":90,"column":0},"end":{"line":90,"column":30}},"90":{"start":{"line":91,"column":0},"end":{"line":91,"column":8}},"91":{"start":{"line":92,"column":0},"end":{"line":92,"column":31}},"93":{"start":{"line":94,"column":0},"end":{"line":94,"column":60}},"94":{"start":{"line":95,"column":0},"end":{"line":95,"column":14}},"95":{"start":{"line":96,"column":0},"end":{"line":96,"column":13}},"96":{"start":{"line":97,"column":0},"end":{"line":97,"column":16}},"97":{"start":{"line":98,"column":0},"end":{"line":98,"column":41}},"98":{"start":{"line":99,"column":0},"end":{"line":99,"column":27}},"99":{"start":{"line":100,"column":0},"end":{"line":100,"column":10}},"101":{"start":{"line":102,"column":0},"end":{"line":102,"column":33}},"102":{"start":{"line":103,"column":0},"end":{"line":103,"column":14}},"104":{"start":{"line":105,"column":0},"end":{"line":105,"column":6}},"109":{"start":{"line":110,"column":0},"end":{"line":110,"column":70}},"111":{"start":{"line":112,"column":0},"end":{"line":112,"column":43}},"114":{"start":{"line":115,"column":0},"end":{"line":115,"column":34}},"115":{"start":{"line":116,"column":0},"end":{"line":116,"column":56}},"116":{"start":{"line":117,"column":0},"end":{"line":117,"column":6}},"119":{"start":{"line":120,"column":0},"end":{"line":120,"column":18}},"120":{"start":{"line":121,"column":0},"end":{"line":121,"column":14}},"121":{"start":{"line":122,"column":0},"end":{"line":122,"column":61}},"122":{"start":{"line":123,"column":0},"end":{"line":123,"column":28}},"123":{"start":{"line":124,"column":0},"end":{"line":124,"column":13}},"124":{"start":{"line":125,"column":0},"end":{"line":125,"column":21}},"125":{"start":{"line":126,"column":0},"end":{"line":126,"column":26}},"126":{"start":{"line":127,"column":0},"end":{"line":127,"column":18}},"127":{"start":{"line":128,"column":0},"end":{"line":128,"column":5}},"128":{"start":{"line":129,"column":0},"end":{"line":129,"column":5}},"130":{"start":{"line":131,"column":0},"end":{"line":131,"column":31}},"131":{"start":{"line":132,"column":0},"end":{"line":132,"column":9}},"132":{"start":{"line":133,"column":0},"end":{"line":133,"column":30}},"133":{"start":{"line":134,"column":0},"end":{"line":134,"column":33}},"134":{"start":{"line":135,"column":0},"end":{"line":135,"column":33}},"137":{"start":{"line":138,"column":0},"end":{"line":138,"column":62}},"139":{"start":{"line":140,"column":0},"end":{"line":140,"column":46}},"140":{"start":{"line":141,"column":0},"end":{"line":141,"column":21}},"141":{"start":{"line":142,"column":0},"end":{"line":142,"column":26}},"142":{"start":{"line":143,"column":0},"end":{"line":143,"column":18}},"143":{"start":{"line":144,"column":0},"end":{"line":144,"column":5}},"144":{"start":{"line":145,"column":0},"end":{"line":145,"column":5}},"145":{"start":{"line":146,"column":0},"end":{"line":146,"column":4}},"146":{"start":{"line":147,"column":0},"end":{"line":147,"column":3}},"147":{"start":{"line":148,"column":0},"end":{"line":148,"column":3}}},"s":{"0":1,"7":1,"8":1,"9":1,"10":1,"11":1,"12":1,"14":1,"15":5,"16":5,"17":5,"18":5,"19":5,"20":5,"21":5,"23":1,"24":8,"25":8,"26":8,"27":8,"28":8,"29":8,"30":8,"31":8,"32":8,"33":8,"34":8,"35":8,"36":8,"38":1,"39":5,"40":5,"41":0,"42":0,"43":0,"44":0,"47":0,"49":0,"50":0,"51":0,"52":0,"54":0,"55":0,"56":0,"57":0,"59":0,"60":0,"61":0,"62":0,"64":0,"65":0,"66":0,"69":0,"70":0,"71":0,"72":0,"73":0,"74":0,"75":0,"77":0,"78":0,"79":0,"80":0,"84":0,"85":0,"88":0,"89":0,"90":0,"91":0,"93":0,"94":0,"95":0,"96":0,"97":0,"98":0,"99":0,"101":0,"102":0,"104":0,"109":0,"111":0,"114":0,"115":0,"116":0,"119":0,"120":0,"121":0,"122":0,"123":0,"124":0,"125":0,"126":0,"127":0,"128":0,"130":5,"131":0,"132":0,"133":0,"134":0,"137":0,"139":0,"140":0,"141":0,"142":0,"143":0,"144":0,"145":5,"146":5,"147":1},"branchMap":{"0":{"type":"branch","line":15,"loc":{"start":{"line":15,"column":1},"end":{"line":22,"column":3}},"locations":[{"start":{"line":15,"column":1},"end":{"line":22,"column":3}}]},"1":{"type":"branch","line":24,"loc":{"start":{"line":24,"column":1},"end":{"line":37,"column":3}},"locations":[{"start":{"line":24,"column":1},"end":{"line":37,"column":3}}]},"2":{"type":"branch","line":39,"loc":{"start":{"line":39,"column":1},"end":{"line":147,"column":3}},"locations":[{"start":{"line":39,"column":1},"end":{"line":147,"column":3}}]}},"b":{"0":[5],"1":[8],"2":[5]},"fnMap":{"0":{"name":"parseHTML","decl":{"start":{"line":15,"column":1},"end":{"line":22,"column":3}},"loc":{"start":{"line":15,"column":1},"end":{"line":22,"column":3}},"line":15},"1":{"name":"renderHTML","decl":{"start":{"line":24,"column":1},"end":{"line":37,"column":3}},"loc":{"start":{"line":24,"column":1},"end":{"line":37,"column":3}},"line":24},"2":{"name":"addKeyboardShortcuts","decl":{"start":{"line":39,"column":1},"end":{"line":147,"column":3}},"loc":{"start":{"line":39,"column":1},"end":{"line":147,"column":3}},"line":39},"3":{"name":"Enter","decl":{"start":{"line":41,"column":10},"end":{"line":129,"column":5}},"loc":{"start":{"line":41,"column":10},"end":{"line":129,"column":5}},"line":41},"4":{"name":"Backspace","decl":{"start":{"line":131,"column":14},"end":{"line":145,"column":5}},"loc":{"start":{"line":131,"column":14},"end":{"line":145,"column":5}},"line":131}},"f":{"0":5,"1":8,"2":5,"3":0,"4":0}}
,"/Users/Eva/Sites/tiptap-steps/package/src/steps/steps.ts": {"path":"/Users/Eva/Sites/tiptap-steps/package/src/steps/steps.ts","all":false,"statementMap":{"0":{"start":{"line":1,"column":0},"end":{"line":1,"column":69}},"16":{"start":{"line":17,"column":0},"end":{"line":17,"column":48}},"17":{"start":{"line":18,"column":0},"end":{"line":18,"column":15}},"18":{"start":{"line":19,"column":0},"end":{"line":19,"column":21}},"19":{"start":{"line":20,"column":0},"end":{"line":20,"column":22}},"20":{"start":{"line":21,"column":0},"end":{"line":21,"column":16}},"22":{"start":{"line":23,"column":0},"end":{"line":23,"column":15}},"23":{"start":{"line":24,"column":0},"end":{"line":24,"column":10}},"24":{"start":{"line":25,"column":0},"end":{"line":25,"column":22}},"25":{"start":{"line":26,"column":0},"end":{"line":26,"column":4}},"26":{"start":{"line":27,"column":0},"end":{"line":27,"column":3}},"28":{"start":{"line":29,"column":0},"end":{"line":29,"column":14}},"29":{"start":{"line":30,"column":0},"end":{"line":30,"column":10}},"30":{"start":{"line":31,"column":0},"end":{"line":31,"column":4}},"31":{"start":{"line":32,"column":0},"end":{"line":32,"column":33}},"32":{"start":{"line":33,"column":0},"end":{"line":33,"column":18}},"33":{"start":{"line":34,"column":0},"end":{"line":34,"column":5}},"34":{"start":{"line":35,"column":0},"end":{"line":35,"column":4}},"35":{"start":{"line":36,"column":0},"end":{"line":36,"column":3}},"37":{"start":{"line":38,"column":0},"end":{"line":38,"column":33}},"38":{"start":{"line":39,"column":0},"end":{"line":39,"column":10}},"39":{"start":{"line":40,"column":0},"end":{"line":40,"column":8}},"40":{"start":{"line":41,"column":0},"end":{"line":41,"column":19}},"41":{"start":{"line":42,"column":0},"end":{"line":42,"column":29}},"42":{"start":{"line":43,"column":0},"end":{"line":43,"column":32}},"43":{"start":{"line":44,"column":0},"end":{"line":44,"column":19}},"44":{"start":{"line":45,"column":0},"end":{"line":45,"column":5}},"45":{"start":{"line":46,"column":0},"end":{"line":46,"column":5}},"46":{"start":{"line":47,"column":0},"end":{"line":47,"column":4}},"47":{"start":{"line":48,"column":0},"end":{"line":48,"column":3}},"49":{"start":{"line":50,"column":0},"end":{"line":50,"column":16}},"50":{"start":{"line":51,"column":0},"end":{"line":51,"column":10}},"51":{"start":{"line":52,"column":0},"end":{"line":52,"column":12}},"52":{"start":{"line":53,"column":0},"end":{"line":53,"column":9}},"53":{"start":{"line":54,"column":0},"end":{"line":54,"column":27}},"54":{"start":{"line":55,"column":0},"end":{"line":55,"column":73}},"55":{"start":{"line":56,"column":0},"end":{"line":56,"column":18}},"56":{"start":{"line":57,"column":0},"end":{"line":57,"column":19}},"57":{"start":{"line":58,"column":0},"end":{"line":58,"column":6}},"60":{"start":{"line":61,"column":0},"end":{"line":61,"column":59}},"61":{"start":{"line":62,"column":0},"end":{"line":62,"column":28}},"62":{"start":{"line":63,"column":0},"end":{"line":63,"column":59}},"65":{"start":{"line":66,"column":0},"end":{"line":66,"column":40}},"66":{"start":{"line":67,"column":0},"end":{"line":67,"column":20}},"67":{"start":{"line":68,"column":0},"end":{"line":68,"column":57}},"68":{"start":{"line":69,"column":0},"end":{"line":69,"column":17}},"69":{"start":{"line":70,"column":0},"end":{"line":70,"column":14}},"70":{"start":{"line":71,"column":0},"end":{"line":71,"column":6}},"73":{"start":{"line":74,"column":0},"end":{"line":74,"column":60}},"74":{"start":{"line":75,"column":0},"end":{"line":75,"column":25}},"75":{"start":{"line":76,"column":0},"end":{"line":76,"column":39}},"76":{"start":{"line":77,"column":0},"end":{"line":77,"column":62}},"77":{"start":{"line":78,"column":0},"end":{"line":78,"column":45}},"78":{"start":{"line":79,"column":0},"end":{"line":79,"column":69}},"79":{"start":{"line":80,"column":0},"end":{"line":80,"column":12}},"81":{"start":{"line":82,"column":0},"end":{"line":82,"column":25}},"82":{"start":{"line":83,"column":0},"end":{"line":83,"column":72}},"84":{"start":{"line":85,"column":0},"end":{"line":85,"column":19}},"85":{"start":{"line":86,"column":0},"end":{"line":86,"column":23}},"86":{"start":{"line":87,"column":0},"end":{"line":87,"column":44}},"87":{"start":{"line":88,"column":0},"end":{"line":88,"column":8}},"88":{"start":{"line":89,"column":0},"end":{"line":89,"column":24}},"89":{"start":{"line":90,"column":0},"end":{"line":90,"column":18}},"90":{"start":{"line":91,"column":0},"end":{"line":91,"column":10}},"91":{"start":{"line":92,"column":0},"end":{"line":92,"column":27}},"92":{"start":{"line":93,"column":0},"end":{"line":93,"column":20}},"93":{"start":{"line":94,"column":0},"end":{"line":94,"column":12}},"94":{"start":{"line":95,"column":0},"end":{"line":95,"column":30}},"95":{"start":{"line":96,"column":0},"end":{"line":96,"column":34}},"96":{"start":{"line":97,"column":0},"end":{"line":97,"column":13}},"97":{"start":{"line":98,"column":0},"end":{"line":98,"column":12}},"98":{"start":{"line":99,"column":0},"end":{"line":99,"column":32}},"99":{"start":{"line":100,"column":0},"end":{"line":100,"column":20}},"100":{"start":{"line":101,"column":0},"end":{"line":101,"column":36}},"101":{"start":{"line":102,"column":0},"end":{"line":102,"column":28}},"102":{"start":{"line":103,"column":0},"end":{"line":103,"column":40}},"103":{"start":{"line":104,"column":0},"end":{"line":104,"column":13}},"104":{"start":{"line":105,"column":0},"end":{"line":105,"column":12}},"105":{"start":{"line":106,"column":0},"end":{"line":106,"column":11}},"106":{"start":{"line":107,"column":0},"end":{"line":107,"column":10}},"107":{"start":{"line":108,"column":0},"end":{"line":108,"column":9}},"108":{"start":{"line":109,"column":0},"end":{"line":109,"column":7}},"109":{"start":{"line":110,"column":0},"end":{"line":110,"column":13}},"110":{"start":{"line":111,"column":0},"end":{"line":111,"column":6}},"112":{"start":{"line":113,"column":0},"end":{"line":113,"column":14}},"113":{"start":{"line":114,"column":0},"end":{"line":114,"column":9}},"114":{"start":{"line":115,"column":0},"end":{"line":115,"column":27}},"115":{"start":{"line":116,"column":0},"end":{"line":116,"column":69}},"116":{"start":{"line":117,"column":0},"end":{"line":117,"column":22}},"117":{"start":{"line":118,"column":0},"end":{"line":118,"column":7}},"118":{"start":{"line":119,"column":0},"end":{"line":119,"column":30}},"120":{"start":{"line":121,"column":0},"end":{"line":121,"column":20}},"121":{"start":{"line":122,"column":0},"end":{"line":122,"column":22}},"122":{"start":{"line":123,"column":0},"end":{"line":123,"column":42}},"123":{"start":{"line":124,"column":0},"end":{"line":124,"column":7}},"126":{"start":{"line":127,"column":0},"end":{"line":127,"column":71}},"127":{"start":{"line":128,"column":0},"end":{"line":128,"column":40}},"128":{"start":{"line":129,"column":0},"end":{"line":129,"column":41}},"130":{"start":{"line":131,"column":0},"end":{"line":131,"column":31}},"131":{"start":{"line":132,"column":0},"end":{"line":132,"column":17}},"132":{"start":{"line":133,"column":0},"end":{"line":133,"column":7}},"134":{"start":{"line":135,"column":0},"end":{"line":135,"column":52}},"135":{"start":{"line":136,"column":0},"end":{"line":136,"column":37}},"136":{"start":{"line":137,"column":0},"end":{"line":137,"column":8}},"137":{"start":{"line":138,"column":0},"end":{"line":138,"column":26}},"138":{"start":{"line":139,"column":0},"end":{"line":139,"column":18}},"139":{"start":{"line":140,"column":0},"end":{"line":140,"column":10}},"140":{"start":{"line":141,"column":0},"end":{"line":141,"column":23}},"141":{"start":{"line":142,"column":0},"end":{"line":142,"column":36}},"142":{"start":{"line":143,"column":0},"end":{"line":143,"column":34}},"143":{"start":{"line":144,"column":0},"end":{"line":144,"column":11}},"144":{"start":{"line":145,"column":0},"end":{"line":145,"column":10}},"145":{"start":{"line":146,"column":0},"end":{"line":146,"column":9}},"146":{"start":{"line":147,"column":0},"end":{"line":147,"column":8}},"148":{"start":{"line":149,"column":0},"end":{"line":149,"column":73}},"149":{"start":{"line":150,"column":0},"end":{"line":150,"column":8}},"151":{"start":{"line":152,"column":0},"end":{"line":152,"column":19}},"152":{"start":{"line":153,"column":0},"end":{"line":153,"column":38}},"153":{"start":{"line":154,"column":0},"end":{"line":154,"column":35}},"154":{"start":{"line":155,"column":0},"end":{"line":155,"column":13}},"155":{"start":{"line":156,"column":0},"end":{"line":156,"column":6}},"157":{"start":{"line":158,"column":0},"end":{"line":158,"column":15}},"158":{"start":{"line":159,"column":0},"end":{"line":159,"column":9}},"159":{"start":{"line":160,"column":0},"end":{"line":160,"column":27}},"160":{"start":{"line":161,"column":0},"end":{"line":161,"column":68}},"161":{"start":{"line":162,"column":0},"end":{"line":162,"column":22}},"162":{"start":{"line":163,"column":0},"end":{"line":163,"column":7}},"163":{"start":{"line":164,"column":0},"end":{"line":164,"column":16}},"164":{"start":{"line":165,"column":0},"end":{"line":165,"column":40}},"165":{"start":{"line":166,"column":0},"end":{"line":166,"column":6}},"167":{"start":{"line":168,"column":0},"end":{"line":168,"column":37}},"168":{"start":{"line":169,"column":0},"end":{"line":169,"column":6}},"169":{"start":{"line":170,"column":0},"end":{"line":170,"column":4}},"170":{"start":{"line":171,"column":0},"end":{"line":171,"column":3}},"172":{"start":{"line":173,"column":0},"end":{"line":173,"column":25}},"173":{"start":{"line":174,"column":0},"end":{"line":174,"column":10}},"174":{"start":{"line":175,"column":0},"end":{"line":175,"column":57}},"175":{"start":{"line":176,"column":0},"end":{"line":176,"column":4}},"176":{"start":{"line":177,"column":0},"end":{"line":177,"column":3}},"177":{"start":{"line":178,"column":0},"end":{"line":178,"column":3}}},"s":{"0":1,"16":1,"17":1,"18":1,"19":1,"20":1,"22":1,"23":1,"24":1,"25":1,"26":1,"28":1,"29":5,"30":5,"31":5,"32":5,"33":5,"34":5,"35":5,"37":1,"38":5,"39":5,"40":5,"41":5,"42":5,"43":5,"44":5,"45":5,"46":5,"47":5,"49":1,"50":5,"51":5,"52":5,"53":5,"54":5,"55":5,"56":0,"57":0,"60":5,"61":5,"62":5,"65":5,"66":0,"67":0,"68":0,"69":0,"70":0,"73":5,"74":5,"75":5,"76":5,"77":5,"78":0,"79":5,"81":5,"82":5,"84":5,"85":5,"86":5,"87":5,"88":5,"89":5,"90":5,"91":5,"92":5,"93":5,"94":5,"95":5,"96":5,"97":5,"98":5,"99":5,"100":5,"101":0,"102":5,"103":5,"104":5,"105":5,"106":5,"107":5,"108":5,"109":5,"110":5,"112":5,"113":5,"114":0,"115":0,"116":0,"117":0,"118":0,"120":0,"121":0,"122":0,"123":0,"126":0,"127":0,"128":0,"130":0,"131":0,"132":0,"134":0,"135":0,"136":0,"137":0,"138":0,"139":0,"140":0,"141":0,"142":0,"143":0,"144":0,"145":0,"146":0,"148":0,"149":0,"151":0,"152":0,"153":0,"154":0,"155":0,"157":5,"158":5,"159":0,"160":0,"161":0,"162":0,"163":0,"164":0,"165":0,"167":0,"168":0,"169":5,"170":5,"172":1,"173":5,"174":5,"175":5,"176":5,"177":1},"branchMap":{"0":{"type":"branch","line":23,"loc":{"start":{"line":23,"column":1},"end":{"line":27,"column":3}},"locations":[{"start":{"line":23,"column":1},"end":{"line":27,"column":3}}]},"1":{"type":"branch","line":29,"loc":{"start":{"line":29,"column":1},"end":{"line":36,"column":3}},"locations":[{"start":{"line":29,"column":1},"end":{"line":36,"column":3}}]},"2":{"type":"branch","line":38,"loc":{"start":{"line":38,"column":1},"end":{"line":48,"column":3}},"locations":[{"start":{"line":38,"column":1},"end":{"line":48,"column":3}}]},"3":{"type":"branch","line":50,"loc":{"start":{"line":50,"column":1},"end":{"line":171,"column":3}},"locations":[{"start":{"line":50,"column":1},"end":{"line":171,"column":3}}]},"4":{"type":"branch","line":53,"loc":{"start":{"line":53,"column":4},"end":{"line":111,"column":6}},"locations":[{"start":{"line":53,"column":4},"end":{"line":111,"column":6}}]},"5":{"type":"branch","line":54,"loc":{"start":{"line":54,"column":4},"end":{"line":111,"column":6}},"locations":[{"start":{"line":54,"column":4},"end":{"line":111,"column":6}}]},"6":{"type":"branch","line":56,"loc":{"start":{"line":56,"column":17},"end":{"line":58,"column":6}},"locations":[{"start":{"line":56,"column":17},"end":{"line":58,"column":6}}]},"7":{"type":"branch","line":63,"loc":{"start":{"line":63,"column":46},"end":{"line":63,"column":59}},"locations":[{"start":{"line":63,"column":46},"end":{"line":63,"column":59}}]},"8":{"type":"branch","line":66,"loc":{"start":{"line":66,"column":39},"end":{"line":71,"column":6}},"locations":[{"start":{"line":66,"column":39},"end":{"line":71,"column":6}}]},"9":{"type":"branch","line":77,"loc":{"start":{"line":77,"column":18},"end":{"line":77,"column":62}},"locations":[{"start":{"line":77,"column":18},"end":{"line":77,"column":62}}]},"10":{"type":"branch","line":78,"loc":{"start":{"line":78,"column":16},"end":{"line":78,"column":39}},"locations":[{"start":{"line":78,"column":16},"end":{"line":78,"column":39}}]},"11":{"type":"branch","line":78,"loc":{"start":{"line":78,"column":39},"end":{"line":79,"column":69}},"locations":[{"start":{"line":78,"column":39},"end":{"line":79,"column":69}}]},"12":{"type":"branch","line":83,"loc":{"start":{"line":83,"column":39},"end":{"line":83,"column":72}},"locations":[{"start":{"line":83,"column":39},"end":{"line":83,"column":72}}]},"13":{"type":"branch","line":101,"loc":{"start":{"line":101,"column":35},"end":{"line":102,"column":28}},"locations":[{"start":{"line":101,"column":35},"end":{"line":102,"column":28}}]},"14":{"type":"branch","line":173,"loc":{"start":{"line":173,"column":1},"end":{"line":177,"column":3}},"locations":[{"start":{"line":173,"column":1},"end":{"line":177,"column":3}}]}},"b":{"0":[1],"1":[5],"2":[5],"3":[5],"4":[5],"5":[5],"6":[0],"7":[0],"8":[0],"9":[0],"10":[0],"11":[0],"12":[0],"13":[0],"14":[5]},"fnMap":{"0":{"name":"addOptions","decl":{"start":{"line":23,"column":1},"end":{"line":27,"column":3}},"loc":{"start":{"line":23,"column":1},"end":{"line":27,"column":3}},"line":23},"1":{"name":"parseHTML","decl":{"start":{"line":29,"column":1},"end":{"line":36,"column":3}},"loc":{"start":{"line":29,"column":1},"end":{"line":36,"column":3}},"line":29},"2":{"name":"renderHTML","decl":{"start":{"line":38,"column":1},"end":{"line":48,"column":3}},"loc":{"start":{"line":38,"column":1},"end":{"line":48,"column":3}},"line":38},"3":{"name":"addCommands","decl":{"start":{"line":50,"column":1},"end":{"line":171,"column":3}},"loc":{"start":{"line":50,"column":1},"end":{"line":171,"column":3}},"line":50},"4":{"name":"setSteps","decl":{"start":{"line":53,"column":4},"end":{"line":111,"column":6}},"loc":{"start":{"line":53,"column":4},"end":{"line":111,"column":6}},"line":53},"5":{"name":"unsetSteps","decl":{"start":{"line":114,"column":4},"end":{"line":156,"column":6}},"loc":{"start":{"line":114,"column":4},"end":{"line":156,"column":6}},"line":114},"6":{"name":"toggleSteps","decl":{"start":{"line":159,"column":4},"end":{"line":169,"column":6}},"loc":{"start":{"line":159,"column":4},"end":{"line":169,"column":6}},"line":159},"7":{"name":"addKeyboardShortcuts","decl":{"start":{"line":173,"column":1},"end":{"line":177,"column":3}},"loc":{"start":{"line":173,"column":1},"end":{"line":177,"column":3}},"line":173},"8":{"name":"Mod-Alt-s","decl":{"start":{"line":175,"column":16},"end":{"line":175,"column":57}},"loc":{"start":{"line":175,"column":16},"end":{"line":175,"column":57}},"line":175}},"f":{"0":1,"1":5,"2":5,"3":5,"4":5,"5":0,"6":0,"7":5,"8":0}}
}
